<?xml version="1.0" encoding="UTF-8"?>
<testsuite name="ca.gc.asc_csa.eclipse.emf.ecore.invocator.tests.AllTests" time="0.001" tests="1" errors="1" skipped="0" failures="0">
  <properties>
    <property name="java.vendor" value="Oracle Corporation"/>
    <property name="osgi.bundles.defaultStartLevel" value="4"/>
    <property name="sun.java.launcher" value="SUN_STANDARD"/>
    <property name="org.osgi.supports.framework.extension" value="true"/>
    <property name="sun.management.compiler" value="HotSpot 64-Bit Tiered Compilers"/>
    <property name="os.name" value="Linux"/>
    <property name="sun.boot.class.path" value="/home/rlarcheveque/local/jre/lib/resources.jar:/home/rlarcheveque/local/jre/lib/rt.jar:/home/rlarcheveque/local/jre/lib/sunrsasign.jar:/home/rlarcheveque/local/jre/lib/jsse.jar:/home/rlarcheveque/local/jre/lib/jce.jar:/home/rlarcheveque/local/jre/lib/charsets.jar:/home/rlarcheveque/local/jre/lib/jfr.jar:/home/rlarcheveque/local/jre/classes"/>
    <property name="osgi.ws" value="gtk"/>
    <property name="java.vm.specification.vendor" value="Oracle Corporation"/>
    <property name="java.runtime.version" value="1.8.0_45-b14"/>
    <property name="osgi.instance.area" value="file:/home/rlarcheveque/git/org.eclipse.symphony/tests/ca.gc.asc_csa.eclipse.emf.ecore.invocator.tests/target/work/data/"/>
    <property name="org.osgi.framework.uuid" value="406f8eb3-a167-0015-1967-82a4a4a351c0"/>
    <property name="osgi.noShutdown" value="false"/>
    <property name="user.name" value="rlarcheveque"/>
    <property name="org.osgi.framework.system.packages" value="javax.accessibility,javax.activation,javax.activity,javax.annotation,javax.annotation.processing,javax.crypto,javax.crypto.interfaces,javax.crypto.spec,javax.imageio,javax.imageio.event,javax.imageio.metadata,javax.imageio.plugins.bmp,javax.imageio.plugins.jpeg,javax.imageio.spi,javax.imageio.stream,javax.jws,javax.jws.soap,javax.lang.model,javax.lang.model.element,javax.lang.model.type,javax.lang.model.util,javax.management,javax.management.loading,javax.management.modelmbean,javax.management.monitor,javax.management.openmbean,javax.management.relation,javax.management.remote,javax.management.remote.rmi,javax.management.timer,javax.naming,javax.naming.directory,javax.naming.event,javax.naming.ldap,javax.naming.spi,javax.net,javax.net.ssl,javax.print,javax.print.attribute,javax.print.attribute.standard,javax.print.event,javax.rmi,javax.rmi.CORBA,javax.rmi.ssl,javax.script,javax.security.auth,javax.security.auth.callback,javax.security.auth.kerberos,javax.security.auth.login,javax.security.auth.spi,javax.security.auth.x500,javax.security.cert,javax.security.sasl,javax.sound.midi,javax.sound.midi.spi,javax.sound.sampled,javax.sound.sampled.spi,javax.sql,javax.sql.rowset,javax.sql.rowset.serial,javax.sql.rowset.spi,javax.swing,javax.swing.border,javax.swing.colorchooser,javax.swing.event,javax.swing.filechooser,javax.swing.plaf,javax.swing.plaf.basic,javax.swing.plaf.metal,javax.swing.plaf.multi,javax.swing.plaf.nimbus,javax.swing.plaf.synth,javax.swing.table,javax.swing.text,javax.swing.text.html,javax.swing.text.html.parser,javax.swing.text.rtf,javax.swing.tree,javax.swing.undo,javax.tools,javax.transaction,javax.transaction.xa,javax.xml,javax.xml.bind,javax.xml.bind.annotation,javax.xml.bind.annotation.adapters,javax.xml.bind.attachment,javax.xml.bind.helpers,javax.xml.bind.util,javax.xml.crypto,javax.xml.crypto.dom,javax.xml.crypto.dsig,javax.xml.crypto.dsig.dom,javax.xml.crypto.dsig.keyinfo,javax.xml.crypto.dsig.spec,javax.xml.datatype,javax.xml.namespace,javax.xml.parsers,javax.xml.soap,javax.xml.stream,javax.xml.stream.events,javax.xml.stream.util,javax.xml.transform,javax.xml.transform.dom,javax.xml.transform.sax,javax.xml.transform.stax,javax.xml.transform.stream,javax.xml.validation,javax.xml.ws,javax.xml.ws.handler,javax.xml.ws.handler.soap,javax.xml.ws.http,javax.xml.ws.soap,javax.xml.ws.spi,javax.xml.ws.spi.http,javax.xml.ws.wsaddressing,javax.xml.xpath,org.ietf.jgss,org.omg.CORBA,org.omg.CORBA_2_3,org.omg.CORBA_2_3.portable,org.omg.CORBA.DynAnyPackage,org.omg.CORBA.ORBPackage,org.omg.CORBA.portable,org.omg.CORBA.TypeCodePackage,org.omg.CosNaming,org.omg.CosNaming.NamingContextExtPackage,org.omg.CosNaming.NamingContextPackage,org.omg.Dynamic,org.omg.DynamicAny,org.omg.DynamicAny.DynAnyFactoryPackage,org.omg.DynamicAny.DynAnyPackage,org.omg.IOP,org.omg.IOP.CodecFactoryPackage,org.omg.IOP.CodecPackage,org.omg.Messaging,org.omg.PortableInterceptor,org.omg.PortableInterceptor.ORBInitInfoPackage,org.omg.PortableServer,org.omg.PortableServer.CurrentPackage,org.omg.PortableServer.POAManagerPackage,org.omg.PortableServer.POAPackage,org.omg.PortableServer.portable,org.omg.PortableServer.ServantLocatorPackage,org.omg.SendingContext,org.omg.stub.java.rmi,org.w3c.dom,org.w3c.dom.bootstrap,org.w3c.dom.css,org.w3c.dom.events,org.w3c.dom.html,org.w3c.dom.ls,org.w3c.dom.ranges,org.w3c.dom.stylesheets,org.w3c.dom.traversal,org.w3c.dom.views,org.w3c.dom.xpath,org.xml.sax,org.xml.sax.ext,org.xml.sax.helpers"/>
    <property name="equinox.use.ds" value="true"/>
    <property name="org.osgi.framework.language" value="en"/>
    <property name="user.language" value="en"/>
    <property name="org.osgi.framework.processor" value="x86-64"/>
    <property name="osgi.syspath" value="/home/rlarcheveque/.m2/repository/p2/osgi/bundle/org.eclipse.osgi/3.10.2.v20150203-1939"/>
    <property name="sun.boot.library.path" value="/home/rlarcheveque/local/jre/lib/amd64"/>
    <property name="org.osgi.framework.system.capabilities" value="osgi.ee; osgi.ee=&quot;OSGi/Minimum&quot;; version:List&lt;Version&gt;=&quot;1.0, 1.1, 1.2&quot;,osgi.ee; osgi.ee=&quot;JRE&quot;; version:List&lt;Version&gt;=&quot;1.0, 1.1&quot;,osgi.ee; osgi.ee=&quot;JavaSE&quot;; version:List&lt;Version&gt;=&quot;1.0, 1.1, 1.2, 1.3, 1.4, 1.5, 1.6, 1.7, 1.8&quot;,osgi.ee; osgi.ee=&quot;JavaSE/compact1&quot;; version:List&lt;Version&gt;=&quot;1.8&quot;,osgi.ee; osgi.ee=&quot;JavaSE/compact2&quot;; version:List&lt;Version&gt;=&quot;1.8&quot;,osgi.ee; osgi.ee=&quot;JavaSE/compact3&quot;; version:List&lt;Version&gt;=&quot;1.8&quot;"/>
    <property name="osgi.compatibility.bootdelegation" value="true"/>
    <property name="java.version" value="1.8.0_45"/>
    <property name="org.osgi.framework.os.name" value="Linux"/>
    <property name="user.timezone" value="America/New_York"/>
    <property name="sun.arch.data.model" value="64"/>
    <property name="osgi.bundles" value="reference:file:/home/rlarcheveque/git/org.eclipse.symphony/bundles/ca.gc.asc_csa.eclipse.converters/target/ca.gc.asc_csa.eclipse.converters-0.5.0-SNAPSHOT.jar,reference:file:/home/rlarcheveque/.m2/repository/p2/osgi/bundle/org.eclipse.core.runtime/3.10.0.v20140318-2214/org.eclipse.core.runtime-3.10.0.v20140318-2214.jar@4:start,reference:file:/home/rlarcheveque/.m2/repository/p2/osgi/bundle/org.jgrapht/0.8.2.201509300708/org.jgrapht-0.8.2.201509300708.jar,reference:file:/home/rlarcheveque/.m2/repository/p2/osgi/bundle/org.eclipse.ui/3.106.1.v20141002-1150/org.eclipse.ui-3.106.1.v20141002-1150.jar,reference:file:/home/rlarcheveque/git/org.eclipse.symphony/bundles/ca.gc.asc_csa.eclipse.utils.log/target/ca.gc.asc_csa.eclipse.utils.log-0.5.0-SNAPSHOT.jar,reference:file:/home/rlarcheveque/git/org.eclipse.symphony/bundles/ca.gc.asc_csa.eclipse.emf.ecore/target/ca.gc.asc_csa.eclipse.emf.ecore-0.5.0-SNAPSHOT.jar,reference:file:/home/rlarcheveque/.m2/repository/p2/osgi/bundle/org.eclipse.emf.ecore/2.10.2.v20150123-0348/org.eclipse.emf.ecore-2.10.2.v20150123-0348.jar,reference:file:/home/rlarcheveque/.m2/repository/p2/osgi/bundle/org.eclipse.xtext.xbase.lib/2.7.3.v201411190455/org.eclipse.xtext.xbase.lib-2.7.3.v201411190455.jar,reference:file:/home/rlarcheveque/.m2/repository/p2/osgi/bundle/org.eclipse.emf.ecore.xcore.lib/1.1.0.v20150202-0452/org.eclipse.emf.ecore.xcore.lib-1.1.0.v20150202-0452.jar,reference:file:/home/rlarcheveque/.m2/repository/p2/osgi/bundle/org.eclipse.core.resources/3.9.1.v20140825-1431/org.eclipse.core.resources-3.9.1.v20140825-1431.jar,reference:file:/home/rlarcheveque/.m2/repository/p2/osgi/bundle/org.jscience/4.3.1.201509300708/org.jscience-4.3.1.201509300708.jar,reference:file:/home/rlarcheveque/.m2/repository/p2/osgi/bundle/org.eclipse.emf.ecore.xmi/2.10.2.v20150123-0348/org.eclipse.emf.ecore.xmi-2.10.2.v20150123-0348.jar,reference:file:/home/rlarcheveque/git/org.eclipse.symphony/bundles/ca.gc.asc_csa.eclipse.emf.ecore.invocator/target/ca.gc.asc_csa.eclipse.emf.ecore.invocator-0.5.0-SNAPSHOT.jar,reference:file:/home/rlarcheveque/git/org.eclipse.symphony/tests/ca.gc.asc_csa.eclipse.emf.ecore.invocator.tests,reference:file:/home/rlarcheveque/.m2/repository/p2/osgi/bundle/org.junit/4.11.0.v201303080030/org.junit-4.11.0.v201303080030.jar,reference:file:/home/rlarcheveque/git/org.eclipse.symphony/bundles/ca.gc.asc_csa.eclipse.images.core/target/ca.gc.asc_csa.eclipse.images.core-0.5.0-SNAPSHOT.jar,reference:file:/home/rlarcheveque/git/org.eclipse.symphony/bundles/ca.gc.space.mrt.sensors.imaging/target/ca.gc.space.mrt.sensors.imaging-0.5.0-SNAPSHOT.jar,reference:file:/home/rlarcheveque/.m2/repository/p2/osgi/bundle/com.jhlabs.image/1.0.0.201509300708/com.jhlabs.image-1.0.0.201509300708.jar,reference:file:/home/rlarcheveque/git/org.eclipse.symphony/bundles/ca.gc.space.math.core/target/ca.gc.space.math.core-0.5.0-SNAPSHOT.jar,reference:file:/home/rlarcheveque/.m2/repository/p2/osgi/bundle/org.jama/1.0.2.201509300708/org.jama-1.0.2.201509300708.jar,reference:file:/home/rlarcheveque/.m2/repository/p2/osgi/bundle/org.netlib.jlapack/0.8.0.201509300708/org.netlib.jlapack-0.8.0.201509300708.jar,reference:file:/home/rlarcheveque/.m2/repository/p2/osgi/bundle/org.netlib.jlapack.simple/0.8.0.201509300708/org.netlib.jlapack.simple-0.8.0.201509300708.jar,reference:file:/home/rlarcheveque/.m2/repository/p2/osgi/bundle/javax.vecmath/1.5.2.201509300708/javax.vecmath-1.5.2.201509300708.jar,reference:file:/home/rlarcheveque/git/org.eclipse.symphony/bundles/ca.gc.space.math.quickhull3d/target/ca.gc.space.math.quickhull3d-0.5.0-SNAPSHOT.jar,reference:file:/home/rlarcheveque/git/org.eclipse.symphony/bundles/ca.gc.space.mrt.common/target/ca.gc.space.mrt.common-0.5.0-SNAPSHOT.jar,reference:file:/home/rlarcheveque/git/org.eclipse.symphony/bundles/ca.gc.space.mrt.common.processors/target/ca.gc.space.mrt.common.processors-0.5.0-SNAPSHOT.jar,reference:file:/home/rlarcheveque/git/org.eclipse.symphony/bundles/ca.gc.space.mrt.geometry.data/target/ca.gc.space.mrt.geometry.data-0.5.0-SNAPSHOT.jar,reference:file:/home/rlarcheveque/git/org.eclipse.symphony/bundles/ca.gc.space.mrt.geometry.data3d/target/ca.gc.space.mrt.geometry.data3d-0.5.0-SNAPSHOT.jar,reference:file:/home/rlarcheveque/.m2/repository/p2/osgi/bundle/edu.wlu.cs.levy.CG/0.1.0.201509300708/edu.wlu.cs.levy.CG-0.1.0.201509300708.jar,reference:file:/home/rlarcheveque/git/org.eclipse.symphony/bundles/ca.gc.space.mrt.sensors/target/ca.gc.space.mrt.sensors-0.5.0-SNAPSHOT.jar,reference:file:/home/rlarcheveque/git/org.eclipse.symphony/bundles/ca.gc.space.topology.core/target/ca.gc.space.topology.core-0.5.0-SNAPSHOT.jar,reference:file:/home/rlarcheveque/git/org.eclipse.symphony/bundles/ca.gc.space.mrt.sensors.fov/target/ca.gc.space.mrt.sensors.fov-0.5.0-SNAPSHOT.jar,reference:file:/home/rlarcheveque/.m2/repository/p2/osgi/bundle/org.eclipse.swt/3.103.2.v20150203-1313/org.eclipse.swt-3.103.2.v20150203-1313.jar,reference:file:/home/rlarcheveque/.m2/repository/p2/osgi/bundle/com.google.guava/15.0.0.v201403281430/com.google.guava-15.0.0.v201403281430.jar,reference:file:/home/rlarcheveque/.m2/repository/p2/osgi/bundle/javax.annotation/1.2.0.v201401042248/javax.annotation-1.2.0.v201401042248.jar,reference:file:/home/rlarcheveque/.m2/repository/p2/osgi/bundle/javax.xml/1.3.4.v201005080400/javax.xml-1.3.4.v201005080400.jar,reference:file:/home/rlarcheveque/.m2/repository/p2/osgi/bundle/org.apache.batik.css/1.7.0.v201011041433/org.apache.batik.css-1.7.0.v201011041433.jar,reference:file:/home/rlarcheveque/.m2/repository/p2/osgi/bundle/org.apache.batik.util/1.7.0.v201011041433/org.apache.batik.util-1.7.0.v201011041433.jar,reference:file:/home/rlarcheveque/.m2/repository/p2/osgi/bundle/org.w3c.dom.events/3.0.0.draft20060413_v201105210656/org.w3c.dom.events-3.0.0.draft20060413_v201105210656.jar,reference:file:/home/rlarcheveque/.m2/repository/p2/osgi/bundle/org.w3c.css.sac/1.3.1.v200903091627/org.w3c.css.sac-1.3.1.v200903091627.jar,reference:file:/home/rlarcheveque/.m2/repository/p2/osgi/bundle/org.w3c.dom.svg/1.1.0.v201011041433/org.w3c.dom.svg-1.1.0.v201011041433.jar,reference:file:/home/rlarcheveque/.m2/repository/p2/osgi/bundle/org.apache.batik.util.gui/1.7.0.v200903091627/org.apache.batik.util.gui-1.7.0.v200903091627.jar,reference:file:/home/rlarcheveque/.m2/repository/p2/osgi/bundle/org.eclipse.osgi.services/3.4.0.v20140312-2051/org.eclipse.osgi.services-3.4.0.v20140312-2051.jar,reference:file:/home/rlarcheveque/.m2/repository/p2/osgi/bundle/org.eclipse.jface.text/3.9.2.v20141003-1326/org.eclipse.jface.text-3.9.2.v20141003-1326.jar,reference:file:/home/rlarcheveque/.m2/repository/p2/osgi/bundle/org.eclipse.ui.ide/3.10.2.v20141118-1227/org.eclipse.ui.ide-3.10.2.v20141118-1227.jar,reference:file:/home/rlarcheveque/.m2/repository/p2/osgi/bundle/org.eclipse.ui.views/3.7.0.v20140408-0703/org.eclipse.ui.views-3.7.0.v20140408-0703.jar,reference:file:/home/rlarcheveque/.m2/repository/p2/osgi/bundle/org.eclipse.ui.workbench.texteditor/3.9.0.v20140411-1521/org.eclipse.ui.workbench.texteditor-3.9.0.v20140411-1521.jar,reference:file:/home/rlarcheveque/.m2/repository/p2/osgi/bundle/org.eclipse.core.expressions/3.4.600.v20140128-0851/org.eclipse.core.expressions-3.4.600.v20140128-0851.jar,reference:file:/home/rlarcheveque/.m2/repository/p2/osgi/bundle/org.eclipse.ui.editors/3.8.200.v20140401-1310/org.eclipse.ui.editors-3.8.200.v20140401-1310.jar,reference:file:/home/rlarcheveque/.m2/repository/p2/osgi/bundle/org.eclipse.ui.forms/3.6.100.v20140422-1825/org.eclipse.ui.forms-3.6.100.v20140422-1825.jar,reference:file:/home/rlarcheveque/.m2/repository/p2/osgi/bundle/org.eclipse.compare.core/3.5.400.v20130903-0736/org.eclipse.compare.core-3.5.400.v20130903-0736.jar,reference:file:/home/rlarcheveque/.m2/repository/p2/osgi/bundle/com.ibm.icu.base/52.1.1.v201501240615/com.ibm.icu.base-52.1.1.v201501240615.jar,reference:file:/home/rlarcheveque/.m2/repository/p2/osgi/bundle/org.eclipse.compare/3.5.501.v20140817-1445/org.eclipse.compare-3.5.501.v20140817-1445.jar,reference:file:/home/rlarcheveque/.m2/repository/p2/osgi/bundle/org.eclipse.core.commands/3.6.100.v20140528-1422/org.eclipse.core.commands-3.6.100.v20140528-1422.jar,reference:file:/home/rlarcheveque/.m2/repository/p2/osgi/bundle/org.eclipse.equinox.common/3.6.200.v20130402-1505/org.eclipse.equinox.common-3.6.200.v20130402-1505.jar@2:start,reference:file:/home/rlarcheveque/.m2/repository/p2/osgi/bundle/org.eclipse.core.contenttype/3.4.200.v20140207-1251/org.eclipse.core.contenttype-3.4.200.v20140207-1251.jar,reference:file:/home/rlarcheveque/.m2/repository/p2/osgi/bundle/org.eclipse.equinox.preferences/3.5.200.v20140224-1527/org.eclipse.equinox.preferences-3.5.200.v20140224-1527.jar,reference:file:/home/rlarcheveque/.m2/repository/p2/osgi/bundle/org.eclipse.equinox.registry/3.5.400.v20140428-1507/org.eclipse.equinox.registry-3.5.400.v20140428-1507.jar,reference:file:/home/rlarcheveque/.m2/repository/p2/osgi/bundle/org.eclipse.core.databinding.observable/1.4.1.v20140210-1835/org.eclipse.core.databinding.observable-1.4.1.v20140210-1835.jar,reference:file:/home/rlarcheveque/.m2/repository/p2/osgi/bundle/org.eclipse.core.databinding.property/1.4.200.v20140214-0004/org.eclipse.core.databinding.property-1.4.200.v20140214-0004.jar,reference:file:/home/rlarcheveque/.m2/repository/p2/osgi/bundle/org.eclipse.core.databinding/1.4.2.v20140729-1044/org.eclipse.core.databinding-1.4.2.v20140729-1044.jar,reference:file:/home/rlarcheveque/.m2/repository/p2/osgi/bundle/org.eclipse.core.filebuffers/3.5.400.v20140127-1516/org.eclipse.core.filebuffers-3.5.400.v20140127-1516.jar,reference:file:/home/rlarcheveque/.m2/repository/p2/osgi/bundle/org.eclipse.text/3.5.300.v20130515-1451/org.eclipse.text-3.5.300.v20130515-1451.jar,reference:file:/home/rlarcheveque/.m2/repository/p2/osgi/bundle/org.eclipse.core.filesystem/1.4.100.v20140514-1614/org.eclipse.core.filesystem-1.4.100.v20140514-1614.jar,reference:file:/home/rlarcheveque/.m2/repository/p2/osgi/bundle/org.eclipse.core.jobs/3.6.1.v20141014-1248/org.eclipse.core.jobs-3.6.1.v20141014-1248.jar,reference:file:/home/rlarcheveque/.m2/repository/p2/osgi/bundle/org.eclipse.core.net/1.2.200.v20140124-2013/org.eclipse.core.net-1.2.200.v20140124-2013.jar,reference:file:/home/rlarcheveque/.m2/repository/p2/osgi/bundle/org.eclipse.equinox.security/1.2.0.v20130424-1801/org.eclipse.equinox.security-1.2.0.v20130424-1801.jar,reference:file:/home/rlarcheveque/.m2/repository/p2/osgi/bundle/org.eclipse.equinox.app/1.3.200.v20130910-1609/org.eclipse.equinox.app-1.3.200.v20130910-1609.jar,reference:file:/home/rlarcheveque/.m2/repository/p2/osgi/bundle/org.eclipse.e4.core.commands/0.10.2.v20140424-2344/org.eclipse.e4.core.commands-0.10.2.v20140424-2344.jar,reference:file:/home/rlarcheveque/.m2/repository/p2/osgi/bundle/org.eclipse.e4.core.di/1.4.0.v20140414-1837/org.eclipse.e4.core.di-1.4.0.v20140414-1837.jar,reference:file:/home/rlarcheveque/.m2/repository/p2/osgi/bundle/javax.inject/1.0.0.v20091030/javax.inject-1.0.0.v20091030.jar,reference:file:/home/rlarcheveque/.m2/repository/p2/osgi/bundle/org.eclipse.e4.core.contexts/1.3.100.v20140407-1019/org.eclipse.e4.core.contexts-1.3.100.v20140407-1019.jar,reference:file:/home/rlarcheveque/.m2/repository/p2/osgi/bundle/org.eclipse.e4.core.services/1.2.1.v20140808-1251/org.eclipse.e4.core.services-1.2.1.v20140808-1251.jar,reference:file:/home/rlarcheveque/.m2/repository/p2/osgi/bundle/org.eclipse.e4.core.di.extensions/0.12.0.v20140417-2033/org.eclipse.e4.core.di.extensions-0.12.0.v20140417-2033.jar,reference:file:/home/rlarcheveque/.m2/repository/p2/osgi/bundle/org.eclipse.e4.ui.bindings/0.10.200.v20140424-2042/org.eclipse.e4.ui.bindings-0.10.200.v20140424-2042.jar,reference:file:/home/rlarcheveque/.m2/repository/p2/osgi/bundle/org.eclipse.jface/3.10.2.v20141021-1035/org.eclipse.jface-3.10.2.v20141021-1035.jar,reference:file:/home/rlarcheveque/.m2/repository/p2/osgi/bundle/org.eclipse.e4.ui.css.core/0.10.100.v20140424-2042/org.eclipse.e4.ui.css.core-0.10.100.v20140424-2042.jar,reference:file:/home/rlarcheveque/.m2/repository/p2/osgi/bundle/org.eclipse.e4.ui.css.swt/0.11.101.v20140818-1343/org.eclipse.e4.ui.css.swt-0.11.101.v20140818-1343.jar,reference:file:/home/rlarcheveque/.m2/repository/p2/osgi/bundle/org.eclipse.e4.ui.css.swt.theme/0.9.300.v20141126-1957/org.eclipse.e4.ui.css.swt.theme-0.9.300.v20141126-1957.jar,reference:file:/home/rlarcheveque/.m2/repository/p2/osgi/bundle/org.eclipse.e4.ui.di/1.0.0.v20140328-2112/org.eclipse.e4.ui.di-1.0.0.v20140328-2112.jar,reference:file:/home/rlarcheveque/.m2/repository/p2/osgi/bundle/org.eclipse.e4.ui.model.workbench/1.1.0.v20140512-1820/org.eclipse.e4.ui.model.workbench-1.1.0.v20140512-1820.jar,reference:file:/home/rlarcheveque/.m2/repository/p2/osgi/bundle/org.eclipse.e4.ui.services/1.1.0.v20140328-1925/org.eclipse.e4.ui.services-1.1.0.v20140328-1925.jar,reference:file:/home/rlarcheveque/.m2/repository/p2/osgi/bundle/org.eclipse.e4.ui.widgets/1.0.0.v20140514-1823/org.eclipse.e4.ui.widgets-1.0.0.v20140514-1823.jar,reference:file:/home/rlarcheveque/.m2/repository/p2/osgi/bundle/org.eclipse.emf.ecore.change/2.10.0.v20150123-0348/org.eclipse.emf.ecore.change-2.10.0.v20150123-0348.jar,reference:file:/home/rlarcheveque/.m2/repository/p2/osgi/bundle/org.eclipse.e4.ui.workbench/1.2.2.v20141212-1259/org.eclipse.e4.ui.workbench-1.2.2.v20141212-1259.jar,reference:file:/home/rlarcheveque/.m2/repository/p2/osgi/bundle/org.eclipse.e4.ui.workbench.renderers.swt/0.12.2.v20150204-1353/org.eclipse.e4.ui.workbench.renderers.swt-0.12.2.v20150204-1353.jar,reference:file:/home/rlarcheveque/.m2/repository/p2/osgi/bundle/org.eclipse.e4.ui.workbench.swt/0.12.100.v20141126-1150/org.eclipse.e4.ui.workbench.swt-0.12.100.v20141126-1150.jar,reference:file:/home/rlarcheveque/.m2/repository/p2/osgi/bundle/org.eclipse.e4.ui.workbench.addons.swt/1.1.2.v20141126-1310/org.eclipse.e4.ui.workbench.addons.swt-1.1.2.v20141126-1310.jar,reference:file:/home/rlarcheveque/.m2/repository/p2/osgi/bundle/org.eclipse.jface.databinding/1.6.200.v20140528-1422/org.eclipse.jface.databinding-1.6.200.v20140528-1422.jar,reference:file:/home/rlarcheveque/.m2/repository/p2/osgi/bundle/org.eclipse.e4.ui.workbench3/0.12.0.v20140227-2118/org.eclipse.e4.ui.workbench3-0.12.0.v20140227-2118.jar,reference:file:/home/rlarcheveque/.m2/repository/p2/osgi/bundle/org.eclipse.equinox.ds/1.4.200.v20131126-2331/org.eclipse.equinox.ds-1.4.200.v20131126-2331.jar@1:start,reference:file:/home/rlarcheveque/.m2/repository/p2/osgi/bundle/org.eclipse.emf.common/2.10.1.v20150123-0348/org.eclipse.emf.common-2.10.1.v20150123-0348.jar,reference:file:/home/rlarcheveque/.m2/repository/p2/osgi/bundle/org.eclipse.equinox.bidi/0.10.0.v20130327-1442/org.eclipse.equinox.bidi-0.10.0.v20130327-1442.jar,reference:file:/home/rlarcheveque/.m2/repository/p2/osgi/bundle/org.eclipse.equinox.util/1.0.500.v20130404-1337/org.eclipse.equinox.util-1.0.500.v20130404-1337.jar,reference:file:/home/rlarcheveque/.m2/repository/p2/osgi/bundle/org.eclipse.equinox.p2.core/2.3.0.v20131211-1531/org.eclipse.equinox.p2.core-2.3.0.v20131211-1531.jar,reference:file:/home/rlarcheveque/.m2/repository/p2/osgi/bundle/org.eclipse.equinox.p2.engine/2.3.0.v20140506-1720/org.eclipse.equinox.p2.engine-2.3.0.v20140506-1720.jar,reference:file:/home/rlarcheveque/.m2/repository/p2/osgi/bundle/org.eclipse.equinox.p2.metadata/2.2.0.v20131211-1531/org.eclipse.equinox.p2.metadata-2.2.0.v20131211-1531.jar,reference:file:/home/rlarcheveque/.m2/repository/p2/osgi/bundle/org.eclipse.equinox.p2.metadata.repository/1.2.100.v20131209-2144/org.eclipse.equinox.p2.metadata.repository-1.2.100.v20131209-2144.jar,reference:file:/home/rlarcheveque/.m2/repository/p2/osgi/bundle/org.eclipse.equinox.p2.repository/2.3.0.v20131211-1531/org.eclipse.equinox.p2.repository-2.3.0.v20131211-1531.jar,reference:file:/home/rlarcheveque/.m2/repository/p2/osgi/bundle/org.eclipse.help/3.6.0.v20130326-1254/org.eclipse.help-3.6.0.v20130326-1254.jar,reference:file:/home/rlarcheveque/.m2/repository/p2/osgi/bundle/org.eclipse.ltk.core.refactoring/3.6.101.v20140817-1500/org.eclipse.ltk.core.refactoring-3.6.101.v20140817-1500.jar,reference:file:/home/rlarcheveque/.m2/repository/p2/osgi/bundle/org.eclipse.ltk.ui.refactoring/3.7.100.v20140324-1358/org.eclipse.ltk.ui.refactoring-3.7.100.v20140324-1358.jar,reference:file:/home/rlarcheveque/.m2/repository/p2/osgi/bundle/org.eclipse.ui.navigator/3.5.401.v20140724-1117/org.eclipse.ui.navigator-3.5.401.v20140724-1117.jar,reference:file:/home/rlarcheveque/.m2/repository/p2/osgi/bundle/org.eclipse.team.core/3.7.0.v20130514-1224/org.eclipse.team.core-3.7.0.v20130514-1224.jar,reference:file:/home/rlarcheveque/.m2/repository/p2/osgi/bundle/org.eclipse.team.ui/3.7.100.v20130710-1213/org.eclipse.team.ui-3.7.100.v20130710-1213.jar,reference:file:/home/rlarcheveque/.m2/repository/p2/osgi/bundle/org.eclipse.ui.workbench/3.106.2.v20150204-1030/org.eclipse.ui.workbench-3.106.2.v20150204-1030.jar,reference:file:/home/rlarcheveque/.m2/repository/p2/osgi/bundle/org.eclipse.ui.navigator.resources/3.4.700.v20140407-1004/org.eclipse.ui.navigator.resources-3.4.700.v20140407-1004.jar,reference:file:/home/rlarcheveque/.m2/repository/p2/osgi/bundle/org.eclipse.ui.ide.application/1.0.501.v20141111-1238/org.eclipse.ui.ide.application-1.0.501.v20141111-1238.jar,reference:file:/home/rlarcheveque/.m2/repository/p2/osgi/bundle/org.eclipse.ui.views.properties.tabbed/3.6.0.v20140519-0906/org.eclipse.ui.views.properties.tabbed-3.6.0.v20140519-0906.jar,reference:file:/home/rlarcheveque/.m2/repository/p2/osgi/bundle/org.hamcrest.core/1.3.0.v201303031735/org.hamcrest.core-1.3.0.v201303031735.jar,reference:file:/home/rlarcheveque/.m2/repository/p2/osgi/bundle/org.w3c.dom.smil/1.0.1.v200903091627/org.w3c.dom.smil-1.0.1.v200903091627.jar,reference:file:/home/rlarcheveque/.m2/repository/p2/osgi/bundle/org.eclipse.equinox.launcher/1.3.0.v20140415-2008/org.eclipse.equinox.launcher-1.3.0.v20140415-2008.jar,reference:file:/home/rlarcheveque/.m2/repository/p2/osgi/bundle/org.eclipse.swt.win32.win32.x86/3.103.2.v20150203-1351/org.eclipse.swt.win32.win32.x86-3.103.2.v20150203-1351.jar,reference:file:/home/rlarcheveque/.m2/repository/p2/osgi/bundle/org.eclipse.swt.win32.win32.x86_64/3.103.2.v20150203-1351/org.eclipse.swt.win32.win32.x86_64-3.103.2.v20150203-1351.jar,reference:file:/home/rlarcheveque/.m2/repository/p2/osgi/bundle/org.eclipse.swt.gtk.linux.x86/3.103.2.v20150203-1351/org.eclipse.swt.gtk.linux.x86-3.103.2.v20150203-1351.jar,reference:file:/home/rlarcheveque/.m2/repository/p2/osgi/bundle/org.eclipse.swt.gtk.linux.x86_64/3.103.2.v20150203-1351/org.eclipse.swt.gtk.linux.x86_64-3.103.2.v20150203-1351.jar,reference:file:/home/rlarcheveque/.m2/repository/org/eclipse/tycho/org.eclipse.tycho.surefire.osgibooter/0.23.0/org.eclipse.tycho.surefire.osgibooter-0.23.0.jar,reference:file:/home/rlarcheveque/.m2/repository/org/eclipse/tycho/org.eclipse.tycho.surefire.junit4/0.23.0/org.eclipse.tycho.surefire.junit4-0.23.0.jar"/>
    <property name="java.endorsed.dirs" value="/home/rlarcheveque/local/jre/lib/endorsed"/>
    <property name="osgi.tracefile" value="/home/rlarcheveque/git/org.eclipse.symphony/tests/ca.gc.asc_csa.eclipse.emf.ecore.invocator.tests/target/work/data/.metadata/trace.log"/>
    <property name="sun.cpu.isalist" value=""/>
    <property name="sun.jnu.encoding" value="UTF-8"/>
    <property name="eclipse.application" value="org.eclipse.tycho.surefire.osgibooter.uitest"/>
    <property name="file.encoding.pkg" value="sun.io"/>
    <property name="org.osgi.framework.vendor" value="Eclipse"/>
    <property name="file.separator" value="/"/>
    <property name="java.specification.name" value="Java Platform API Specification"/>
    <property name="osgi.checkConfiguration" value="true"/>
    <property name="java.class.version" value="52.0"/>
    <property name="user.country" value="US"/>
    <property name="osgi.configuration.cascaded" value="false"/>
    <property name="java.home" value="/home/rlarcheveque/local/jre"/>
    <property name="osgi.os" value="linux"/>
    <property name="eclipse.commands" value="-data&#10;/home/rlarcheveque/git/org.eclipse.symphony/tests/ca.gc.asc_csa.eclipse.emf.ecore.invocator.tests/target/work/data&#10;-install&#10;/home/rlarcheveque/git/org.eclipse.symphony/tests/ca.gc.asc_csa.eclipse.emf.ecore.invocator.tests/target/work&#10;-configuration&#10;/home/rlarcheveque/git/org.eclipse.symphony/tests/ca.gc.asc_csa.eclipse.emf.ecore.invocator.tests/target/work/configuration&#10;-application&#10;org.eclipse.tycho.surefire.osgibooter.uitest&#10;-testproperties&#10;/home/rlarcheveque/git/org.eclipse.symphony/tests/ca.gc.asc_csa.eclipse.emf.ecore.invocator.tests/target/surefire.properties&#10;"/>
    <property name="java.vm.info" value="mixed mode"/>
    <property name="os.version" value="3.13.0-45-generic"/>
    <property name="osgi.arch" value="x86_64"/>
    <property name="path.separator" value=":"/>
    <property name="java.vm.version" value="25.45-b02"/>
    <property name="org.osgi.supports.framework.fragment" value="true"/>
    <property name="osgi.framework.shape" value="jar"/>
    <property name="java.awt.printerjob" value="sun.print.PSPrinterJob"/>
    <property name="sun.io.unicode.encoding" value="UnicodeLittle"/>
    <property name="org.osgi.framework.version" value="1.8.0"/>
    <property name="awt.toolkit" value="sun.awt.X11.XToolkit"/>
    <property name="eclipse.stateSaveDelayInterval" value="30000"/>
    <property name="osgi.dev" value="file:/home/rlarcheveque/git/org.eclipse.symphony/tests/ca.gc.asc_csa.eclipse.emf.ecore.invocator.tests/target/work/dev.properties"/>
    <property name="osgi.install.area" value="file:/home/rlarcheveque/git/org.eclipse.symphony/tests/ca.gc.asc_csa.eclipse.emf.ecore.invocator.tests/target/work/"/>
    <property name="osgi.framework" value="file:/home/rlarcheveque/.m2/repository/p2/osgi/bundle/org.eclipse.osgi/3.10.2.v20150203-1939/org.eclipse.osgi-3.10.2.v20150203-1939.jar"/>
    <property name="user.home" value="/home/rlarcheveque"/>
    <property name="osgi.framework.useSystemProperties" value="true"/>
    <property name="java.specification.vendor" value="Oracle Corporation"/>
    <property name="osgi.nl" value="en_US"/>
    <property name="java.library.path" value="/opt/ros/indigo/lib:/opt/ros/indigo/lib/x86_64-linux-gnu:/usr/java/packages/lib/amd64:/usr/lib64:/lib64:/lib:/usr/lib"/>
    <property name="java.vendor.url" value="http://java.oracle.com/"/>
    <property name="osgi.bundlefile.limit" value="100"/>
    <property name="eclipse.startTime" value="1443637990183"/>
    <property name="org.osgi.framework.os.version" value="3.13.0"/>
    <property name="java.vm.vendor" value="Oracle Corporation"/>
    <property name="java.runtime.name" value="Java(TM) SE Runtime Environment"/>
    <property name="java.class.path" value="/home/rlarcheveque/.m2/repository/p2/osgi/bundle/org.eclipse.equinox.launcher/1.3.0.v20140415-2008/org.eclipse.equinox.launcher-1.3.0.v20140415-2008.jar"/>
    <property name="sun.java.command" value="/home/rlarcheveque/.m2/repository/p2/osgi/bundle/org.eclipse.equinox.launcher/1.3.0.v20140415-2008/org.eclipse.equinox.launcher-1.3.0.v20140415-2008.jar -data /home/rlarcheveque/git/org.eclipse.symphony/tests/ca.gc.asc_csa.eclipse.emf.ecore.invocator.tests/target/work/data -install /home/rlarcheveque/git/org.eclipse.symphony/tests/ca.gc.asc_csa.eclipse.emf.ecore.invocator.tests/target/work -configuration /home/rlarcheveque/git/org.eclipse.symphony/tests/ca.gc.asc_csa.eclipse.emf.ecore.invocator.tests/target/work/configuration -application org.eclipse.tycho.surefire.osgibooter.uitest -testproperties /home/rlarcheveque/git/org.eclipse.symphony/tests/ca.gc.asc_csa.eclipse.emf.ecore.invocator.tests/target/surefire.properties"/>
    <property name="java.vm.specification.name" value="Java Virtual Machine Specification"/>
    <property name="java.vm.specification.version" value="1.8"/>
    <property name="sun.os.patch.level" value="unknown"/>
    <property name="sun.cpu.endian" value="little"/>
    <property name="gosh.args" value="--nointeractive"/>
    <property name="java.io.tmpdir" value="/tmp"/>
    <property name="java.vendor.url.bug" value="http://bugreport.sun.com/bugreport/"/>
    <property name="applicationXMI" value="org.eclipse.ui.workbench/LegacyIDE.e4xmi"/>
    <property name="eclipse.home.location" value="file:/home/rlarcheveque/git/org.eclipse.symphony/tests/ca.gc.asc_csa.eclipse.emf.ecore.invocator.tests/target/work/"/>
    <property name="java.awt.graphicsenv" value="sun.awt.X11GraphicsEnvironment"/>
    <property name="os.arch" value="amd64"/>
    <property name="java.ext.dirs" value="/home/rlarcheveque/local/jre/lib/ext:/usr/java/packages/lib/ext"/>
    <property name="user.dir" value="/home/rlarcheveque/git/org.eclipse.symphony/tests/ca.gc.asc_csa.eclipse.emf.ecore.invocator.tests"/>
    <property name="org.osgi.supports.framework.requirebundle" value="true"/>
    <property name="osgi.clean" value="true"/>
    <property name="line.separator" value="&#10;"/>
    <property name="java.vm.name" value="Java HotSpot(TM) 64-Bit Server VM"/>
    <property name="file.encoding" value="UTF-8"/>
    <property name="java.specification.version" value="1.8"/>
    <property name="org.osgi.framework.executionenvironment" value="OSGi/Minimum-1.0,OSGi/Minimum-1.1,OSGi/Minimum-1.2,JavaSE/compact1-1.8,JavaSE/compact2-1.8,JavaSE/compact3-1.8,JRE-1.1,J2SE-1.2,J2SE-1.3,J2SE-1.4,J2SE-1.5,JavaSE-1.6,JavaSE-1.7,JavaSE-1.8"/>
    <property name="osgi.configuration.area" value="file:/home/rlarcheveque/git/org.eclipse.symphony/tests/ca.gc.asc_csa.eclipse.emf.ecore.invocator.tests/target/work/configuration/"/>
    <property name="osgi.logfile" value="/home/rlarcheveque/git/org.eclipse.symphony/tests/ca.gc.asc_csa.eclipse.emf.ecore.invocator.tests/target/work/data/.metadata/.log"/>
  </properties>
  <testcase name="initializationError" classname="ca.gc.asc_csa.eclipse.emf.ecore.invocator.tests.AllTests" time="0.001">
    <error message="class &apos;ca.gc.asc_csa.eclipse.emf.ecore.invocator.tests.AllTests&apos; must have a SuiteClasses annotation" type="java.lang.Exception"><![CDATA[java.lang.Exception: class 'ca.gc.asc_csa.eclipse.emf.ecore.invocator.tests.AllTests' must have a SuiteClasses annotation
	at org.junit.runners.model.InitializationError.<init>(InitializationError.java:32)
	at org.junit.runners.Suite.getAnnotatedClasses(Suite.java:55)
	at org.junit.runners.Suite.<init>(Suite.java:69)
	at sun.reflect.NativeConstructorAccessorImpl.newInstance0(Native Method)
	at sun.reflect.NativeConstructorAccessorImpl.newInstance(NativeConstructorAccessorImpl.java:62)
	at sun.reflect.DelegatingConstructorAccessorImpl.newInstance(DelegatingConstructorAccessorImpl.java:45)
	at java.lang.reflect.Constructor.newInstance(Constructor.java:422)
	at org.junit.internal.builders.AnnotatedBuilder.buildRunner(AnnotatedBuilder.java:33)
	at org.junit.internal.builders.AnnotatedBuilder.runnerForClass(AnnotatedBuilder.java:21)
	at org.junit.runners.model.RunnerBuilder.safeRunnerForClass(RunnerBuilder.java:59)
	at org.junit.internal.builders.AllDefaultPossibilitiesBuilder.runnerForClass(AllDefaultPossibilitiesBuilder.java:26)
	at org.junit.runners.model.RunnerBuilder.safeRunnerForClass(RunnerBuilder.java:59)
	at org.junit.internal.requests.ClassRequest.getRunner(ClassRequest.java:26)
	at org.apache.maven.surefire.junit4.JUnit4Provider.execute(JUnit4Provider.java:262)
	at org.apache.maven.surefire.junit4.JUnit4Provider.executeTestSet(JUnit4Provider.java:153)
	at org.apache.maven.surefire.junit4.JUnit4Provider.invoke(JUnit4Provider.java:124)
	at sun.reflect.NativeMethodAccessorImpl.invoke0(Native Method)
	at sun.reflect.NativeMethodAccessorImpl.invoke(NativeMethodAccessorImpl.java:62)
	at sun.reflect.DelegatingMethodAccessorImpl.invoke(DelegatingMethodAccessorImpl.java:43)
	at java.lang.reflect.Method.invoke(Method.java:497)
	at org.apache.maven.surefire.util.ReflectionUtils.invokeMethodWithArray2(ReflectionUtils.java:208)
	at org.apache.maven.surefire.booter.ProviderFactory$ProviderProxy.invoke(ProviderFactory.java:156)
	at org.apache.maven.surefire.booter.ProviderFactory.invokeProvider(ProviderFactory.java:82)
	at org.eclipse.tycho.surefire.osgibooter.OsgiSurefireBooter.run(OsgiSurefireBooter.java:91)
	at org.eclipse.tycho.surefire.osgibooter.AbstractUITestApplication$1.run(AbstractUITestApplication.java:35)
	at org.eclipse.swt.widgets.RunnableLock.run(RunnableLock.java:35)
	at org.eclipse.swt.widgets.Synchronizer.runAsyncMessages(Synchronizer.java:136)
	at org.eclipse.swt.widgets.Display.runAsyncMessages(Display.java:3774)
	at org.eclipse.swt.widgets.Display.readAndDispatch(Display.java:3412)
	at org.eclipse.e4.ui.internal.workbench.swt.PartRenderingEngine$9.run(PartRenderingEngine.java:1151)
	at org.eclipse.core.databinding.observable.Realm.runWithDefault(Realm.java:332)
	at org.eclipse.e4.ui.internal.workbench.swt.PartRenderingEngine.run(PartRenderingEngine.java:1032)
	at org.eclipse.e4.ui.internal.workbench.E4Workbench.createAndRunUI(E4Workbench.java:148)
	at org.eclipse.ui.internal.Workbench$5.run(Workbench.java:636)
	at org.eclipse.core.databinding.observable.Realm.runWithDefault(Realm.java:332)
	at org.eclipse.ui.internal.Workbench.createAndRunWorkbench(Workbench.java:579)
	at org.eclipse.ui.PlatformUI.createAndRunWorkbench(PlatformUI.java:150)
	at org.eclipse.ui.internal.ide.application.IDEApplication.start(IDEApplication.java:135)
	at org.eclipse.tycho.surefire.osgibooter.UITestApplication.runApplication(UITestApplication.java:31)
	at org.eclipse.tycho.surefire.osgibooter.AbstractUITestApplication.run(AbstractUITestApplication.java:120)
	at org.eclipse.tycho.surefire.osgibooter.UITestApplication.start(UITestApplication.java:37)
	at org.eclipse.equinox.internal.app.EclipseAppHandle.run(EclipseAppHandle.java:196)
	at org.eclipse.core.runtime.internal.adaptor.EclipseAppLauncher.runApplication(EclipseAppLauncher.java:134)
	at org.eclipse.core.runtime.internal.adaptor.EclipseAppLauncher.start(EclipseAppLauncher.java:104)
	at org.eclipse.core.runtime.adaptor.EclipseStarter.run(EclipseStarter.java:380)
	at org.eclipse.core.runtime.adaptor.EclipseStarter.run(EclipseStarter.java:235)
	at sun.reflect.NativeMethodAccessorImpl.invoke0(Native Method)
	at sun.reflect.NativeMethodAccessorImpl.invoke(NativeMethodAccessorImpl.java:62)
	at sun.reflect.DelegatingMethodAccessorImpl.invoke(DelegatingMethodAccessorImpl.java:43)
	at java.lang.reflect.Method.invoke(Method.java:497)
	at org.eclipse.equinox.launcher.Main.invokeFramework(Main.java:648)
	at org.eclipse.equinox.launcher.Main.basicRun(Main.java:603)
	at org.eclipse.equinox.launcher.Main.run(Main.java:1465)
	at org.eclipse.equinox.launcher.Main.main(Main.java:1438)
]]></error>
  </testcase>
</testsuite>